<?xml version="1.0" encoding="UTF-8"?>
<!-- Generated by org.testng.reporters.JUnitXMLReporter -->
<testsuite hostname="anurags-MacBook-Air.local" ignored="0" name="Default test" tests="4" failures="0" timestamp="09 Sep 2017 17:45:58 GMT" time="9.648" errors="0">
  <testcase name="addNumbers" time="0.464" classname="com.calculator.test.TestApp"/>
  <testcase name="divideNumbers" time="0.436" classname="com.calculator.test.TestApp"/>
  <testcase name="multiplyNumbers" time="0.489" classname="com.calculator.test.TestApp"/>
  <testcase name="subtractNumbers" time="0.474" classname="com.calculator.test.TestApp"/>
</testsuite> <!-- Default test -->
